0 info it worked if it ends with ok
1 verbose cli [ '/usr/local/bin/node', '/usr/local/bin/npm', 'start' ]
2 info using npm@4.0.5
3 info using node@v6.9.2
4 verbose run-script [ 'prestart', 'start', 'poststart' ]
5 info lifecycle bf-solid-kit@1.0.0~prestart: bf-solid-kit@1.0.0
6 silly lifecycle bf-solid-kit@1.0.0~prestart: no script for prestart, continuing
7 info lifecycle bf-solid-kit@1.0.0~start: bf-solid-kit@1.0.0
8 verbose lifecycle bf-solid-kit@1.0.0~start: unsafe-perm in lifecycle true
9 verbose lifecycle bf-solid-kit@1.0.0~start: PATH: /usr/local/lib/node_modules/npm/bin/node-gyp-bin:/Users/oiyana/Sites/oiyana.github.io/node_modules/.bin:/Users/oiyana/.rbenv/bin:/Library/Frameworks/Python.framework/Versions/3.5/bin:/usr/local/bin:/Users/oiyana/bin:/usr/local/bin:/usr/bin:/bin:/usr/sbin:/sbin:/Users/oiyana/.rvm/bin:/Users/oiyana/.rvm/bin
10 verbose lifecycle bf-solid-kit@1.0.0~start: CWD: /Users/oiyana/Sites/oiyana.github.io
11 silly lifecycle bf-solid-kit@1.0.0~start: Args: [ '-c', 'bundle exec jekyll serve --baseurl=\'\'' ]
12 silly lifecycle bf-solid-kit@1.0.0~start: Returned: code: 20  signal: null
13 info lifecycle bf-solid-kit@1.0.0~start: Failed to exec start script
14 verbose stack Error: bf-solid-kit@1.0.0 start: `bundle exec jekyll serve --baseurl=''`
14 verbose stack Exit status 20
14 verbose stack     at EventEmitter.<anonymous> (/usr/local/lib/node_modules/npm/lib/utils/lifecycle.js:279:16)
14 verbose stack     at emitTwo (events.js:106:13)
14 verbose stack     at EventEmitter.emit (events.js:191:7)
14 verbose stack     at ChildProcess.<anonymous> (/usr/local/lib/node_modules/npm/lib/utils/spawn.js:40:14)
14 verbose stack     at emitTwo (events.js:106:13)
14 verbose stack     at ChildProcess.emit (events.js:191:7)
14 verbose stack     at maybeClose (internal/child_process.js:877:16)
14 verbose stack     at Process.ChildProcess._handle.onexit (internal/child_process.js:226:5)
15 verbose pkgid bf-solid-kit@1.0.0
16 verbose cwd /Users/oiyana/Sites/oiyana.github.io
17 error Darwin 17.3.0
18 error argv "/usr/local/bin/node" "/usr/local/bin/npm" "start"
19 error node v6.9.2
20 error npm  v4.0.5
21 error code ELIFECYCLE
22 error bf-solid-kit@1.0.0 start: `bundle exec jekyll serve --baseurl=''`
22 error Exit status 20
23 error Failed at the bf-solid-kit@1.0.0 start script 'bundle exec jekyll serve --baseurl='''.
23 error Make sure you have the latest version of node.js and npm installed.
23 error If you do, this is most likely a problem with the bf-solid-kit package,
23 error not with npm itself.
23 error Tell the author that this fails on your system:
23 error     bundle exec jekyll serve --baseurl=''
23 error You can get information on how to open an issue for this project with:
23 error     npm bugs bf-solid-kit
23 error Or if that isn't available, you can get their info via:
23 error     npm owner ls bf-solid-kit
23 error There is likely additional logging output above.
24 verbose exit [ 1, true ]
